[
  {
    "pid": 2,
    "data": [
      {
        "id": 2,
        "name": "deposit_request",
        "clock": 2
      },
      {
        "id": 2,
        "name": "deposit_execute",
        "clock": 3
      },
      {
        "id": 2,
        "name": "deposit_propagate_response",
        "clock": 6
      },
      {
        "id": 2,
        "name": "deposit_propagate_response",
        "clock": 11
      },
      {
        "id": 4,
        "name": "withdraw_propagate_request",
        "clock": 9
      },
      {
        "id": 4,
        "name": "withdraw_propagate_execute",
        "clock": 12
      },
      {
        "id": 2,
        "name": "deposit_response",
        "clock": 13
      }
    ]
  },
  {
    "pid": 3,
    "data": [
      {
        "id": 4,
        "name": "withdraw_request",
        "clock": 2
      },
      {
        "id": 4,
        "name": "withdraw_execute",
        "clock": 3
      },
      {
        "id": 4,
        "name": "withdraw_propagate_response",
        "clock": 8
      },
      {
        "id": 2,
        "name": "deposit_propagate_request",
        "clock": 9
      },
      {
        "id": 2,
        "name": "deposit_propagate_execute",
        "clock": 10
      },
      {
        "id": 4,
        "name": "withdraw_propagate_response",
        "clock": 13
      },
      {
        "id": 4,
        "name": "withdraw_response",
        "clock": 14
      }
    ]
  },
  {
    "pid": 1,
    "data": [
      {
        "id": 2,
        "name": "deposit_propagate_request",
        "clock": 4
      },
      {
        "id": 2,
        "name": "deposit_propagate_execute",
        "clock": 5
      },
      {
        "id": 4,
        "name": "withdraw_propagate_request",
        "clock": 6
      },
      {
        "id": 4,
        "name": "withdraw_propagate_execute",
        "clock": 7
      }
    ]
  },
  {
    "eventid": 2,
    "data": [
      {
        "clock": 2,
        "name": "deposit_request"
      },
      {
        "clock": 3,
        "name": "deposit_execute"
      },
      {
        "clock": 4,
        "name": "deposit_propagate_request"
      },
      {
        "clock": 5,
        "name": "deposit_propagate_execute"
      },
      {
        "clock": 6,
        "name": "deposit_propagate_response"
      },
      {
        "clock": 9,
        "name": "deposit_propagate_request"
      },
      {
        "clock": 10,
        "name": "deposit_propagate_execute"
      },
      {
        "clock": 11,
        "name": "deposit_propagate_response"
      },
      {
        "clock": 13,
        "name": "deposit_response"
      }
    ]
  },
  {
    "eventid": 4,
    "data": [
      {
        "clock": 2,
        "name": "withdraw_request"
      },
      {
        "clock": 3,
        "name": "withdraw_execute"
      },
      {
        "clock": 6,
        "name": "withdraw_propagate_request"
      },
      {
        "clock": 7,
        "name": "withdraw_propagate_execute"
      },
      {
        "clock": 8,
        "name": "withdraw_propagate_response"
      },
      {
        "clock": 11,
        "name": "withdraw_propagate_request"
      },
      {
        "clock": 12,
        "name": "withdraw_propagate_execute"
      },
      {
        "clock": 13,
        "name": "withdraw_propagate_response"
      },
      {
        "clock": 14,
        "name": "withdraw_response"
      }
    ]
  }
]
